2022-10-02 17:24:39, INFO: Current config content is :<module 'configs.config' from '/home/baron/Research/Master/crowd_nav/configs/config.py'>
2022-10-02 17:24:39, INFO: Using device: cpu
2022-10-02 17:24:39, INFO: Query environment: False
2022-10-02 17:24:39, INFO: Policy: CADRL without occupancy map
2022-10-02 17:24:39, INFO: human number: 5
2022-10-02 17:24:39, INFO: Not randomize human's radius and preferred speed
2022-10-02 17:24:39, INFO: Training simulation: circle_crossing, test simulation: circle_crossing
2022-10-02 17:24:39, INFO: Square width: 20, circle width: 4
2022-10-02 17:24:39, INFO: Load imitation learning trained weights.
2022-10-02 17:24:39, INFO: Agent is invisible and has holonomic kinematic constraint
2022-10-02 17:24:39, INFO: Lr: 0.001 for parameters value_network.0.weight value_network.0.bias value_network.2.weight value_network.2.bias value_network.4.weight value_network.4.bias value_network.6.weight value_network.6.bias with Adam optimizer
2022-10-02 17:29:18, INFO: TRAIN in episode 0 has success rate: 1.00, collision rate: 0.00, nav time: 15.25, total reward: 0.2059, average return: 0.5041
2022-10-02 17:29:18, INFO: Average loss : 2.90E-05
2022-10-02 17:36:44, INFO: TRAIN in episode 1 has success rate: 1.00, collision rate: 0.00, nav time: 17.00, total reward: 0.1712, average return: 0.4714
2022-10-02 17:36:44, INFO: Average loss : 4.25E-05
2022-10-02 17:36:53, INFO: TRAIN in episode 2 has success rate: 1.00, collision rate: 0.00, nav time: 28.00, total reward: 0.0537, average return: 0.3255
2022-10-02 17:36:54, INFO: Average loss : 6.95E-05
2022-10-02 17:36:58, INFO: TRAIN in episode 3 has success rate: 1.00, collision rate: 0.00, nav time: 25.50, total reward: 0.0426, average return: 0.3446
2022-10-02 17:37:47, INFO: Average loss : 9.44E-05
2022-10-02 17:37:48, INFO: TRAIN in episode 4 has success rate: 1.00, collision rate: 0.00, nav time: 21.00, total reward: 0.1123, average return: 0.4078
2022-10-02 17:37:53, INFO: Average loss : 1.11E-04
